Determining if the pthread_create exist failed with the following output:
Change Dir: /home/schleppy/project_files/Schlepbot-E90/catkin_ws_new/build/CMakeFiles/CMakeTmp

Run Build Command:"/usr/bin/make" "cmTC_1fde1/fast"
/usr/bin/make -f CMakeFiles/cmTC_1fde1.dir/build.make CMakeFiles/cmTC_1fde1.dir/build
make[1]: Entering directory '/home/schleppy/project_files/Schlepbot-E90/catkin_ws_new/build/CMakeFiles/CMakeTmp'
Building C object CMakeFiles/cmTC_1fde1.dir/CheckSymbolExists.c.o
/usr/bin/cc     -o CMakeFiles/cmTC_1fde1.dir/CheckSymbolExists.c.o   -c /home/schleppy/project_files/Schlepbot-E90/catkin_ws_new/build/CMakeFiles/CMakeTmp/CheckSymbolExists.c
Linking C executable cmTC_1fde1
/usr/bin/cmake -E cmake_link_script CMakeFiles/cmTC_1fde1.dir/link.txt --verbose=1
/usr/bin/cc       CMakeFiles/cmTC_1fde1.dir/CheckSymbolExists.c.o  -o cmTC_1fde1 -rdynamic 
CMakeFiles/cmTC_1fde1.dir/CheckSymbolExists.c.o: In function `main':
CheckSymbolExists.c:(.text+0x16): undefined reference to `pthread_create'
collect2: error: ld returned 1 exit status
CMakeFiles/cmTC_1fde1.dir/build.make:97: recipe for target 'cmTC_1fde1' failed
make[1]: *** [cmTC_1fde1] Error 1
make[1]: Leaving directory '/home/schleppy/project_files/Schlepbot-E90/catkin_ws_new/build/CMakeFiles/CMakeTmp'
Makefile:126: recipe for target 'cmTC_1fde1/fast' failed
make: *** [cmTC_1fde1/fast] Error 2

File /home/schleppy/project_files/Schlepbot-E90/catkin_ws_new/build/CMakeFiles/CMakeTmp/CheckSymbolExists.c:
/* */
#include <pthread.h>

int main(int argc, char** argv)
{
  (void)argv;
#ifndef pthread_create
  return ((int*)(&pthread_create))[argc];
#else
  (void)argc;
  return 0;
#endif
}

Determining if the function pthread_create exists in the pthreads failed with the following output:
Change Dir: /home/schleppy/project_files/Schlepbot-E90/catkin_ws_new/build/CMakeFiles/CMakeTmp

Run Build Command:"/usr/bin/make" "cmTC_91075/fast"
/usr/bin/make -f CMakeFiles/cmTC_91075.dir/build.make CMakeFiles/cmTC_91075.dir/build
make[1]: Entering directory '/home/schleppy/project_files/Schlepbot-E90/catkin_ws_new/build/CMakeFiles/CMakeTmp'
Building C object CMakeFiles/cmTC_91075.dir/CheckFunctionExists.c.o
/usr/bin/cc    -DCHECK_FUNCTION_EXISTS=pthread_create   -o CMakeFiles/cmTC_91075.dir/CheckFunctionExists.c.o   -c /usr/share/cmake-3.5/Modules/CheckFunctionExists.c
Linking C executable cmTC_91075
/usr/bin/cmake -E cmake_link_script CMakeFiles/cmTC_91075.dir/link.txt --verbose=1
/usr/bin/cc   -DCHECK_FUNCTION_EXISTS=pthread_create    CMakeFiles/cmTC_91075.dir/CheckFunctionExists.c.o  -o cmTC_91075 -rdynamic -lpthreads 
/usr/bin/ld: cannot find -lpthreads
collect2: error: ld returned 1 exit status
CMakeFiles/cmTC_91075.dir/build.make:97: recipe for target 'cmTC_91075' failed
make[1]: *** [cmTC_91075] Error 1
make[1]: Leaving directory '/home/schleppy/project_files/Schlepbot-E90/catkin_ws_new/build/CMakeFiles/CMakeTmp'
Makefile:126: recipe for target 'cmTC_91075/fast' failed
make: *** [cmTC_91075/fast] Error 2


Determining if the Q_WS_WIN exist failed with the following output:
Change Dir: /home/schleppy/project_files/Schlepbot-E90/catkin_ws_new/build/CMakeFiles/CMakeTmp

Run Build Command:"/usr/bin/make" "cmTC_6aba4/fast"
/usr/bin/make -f CMakeFiles/cmTC_6aba4.dir/build.make CMakeFiles/cmTC_6aba4.dir/build
make[1]: Entering directory '/home/schleppy/project_files/Schlepbot-E90/catkin_ws_new/build/CMakeFiles/CMakeTmp'
Building CXX object CMakeFiles/cmTC_6aba4.dir/CheckSymbolExists.cxx.o
/usr/bin/c++    -I/usr/include/qt4   -o CMakeFiles/cmTC_6aba4.dir/CheckSymbolExists.cxx.o -c /home/schleppy/project_files/Schlepbot-E90/catkin_ws_new/build/CMakeFiles/CMakeTmp/CheckSymbolExists.cxx
/home/schleppy/project_files/Schlepbot-E90/catkin_ws_new/build/CMakeFiles/CMakeTmp/CheckSymbolExists.cxx: In function ‘int main(int, char**)’:
/home/schleppy/project_files/Schlepbot-E90/catkin_ws_new/build/CMakeFiles/CMakeTmp/CheckSymbolExists.cxx:8:19: error: ‘Q_WS_WIN’ was not declared in this scope
   return ((int*)(&Q_WS_WIN))[argc];
                   ^
CMakeFiles/cmTC_6aba4.dir/build.make:65: recipe for target 'CMakeFiles/cmTC_6aba4.dir/CheckSymbolExists.cxx.o' failed
make[1]: *** [CMakeFiles/cmTC_6aba4.dir/CheckSymbolExists.cxx.o] Error 1
make[1]: Leaving directory '/home/schleppy/project_files/Schlepbot-E90/catkin_ws_new/build/CMakeFiles/CMakeTmp'
Makefile:126: recipe for target 'cmTC_6aba4/fast' failed
make: *** [cmTC_6aba4/fast] Error 2

File /home/schleppy/project_files/Schlepbot-E90/catkin_ws_new/build/CMakeFiles/CMakeTmp/CheckSymbolExists.cxx:
/* */
#include <QtCore/qglobal.h>

int main(int argc, char** argv)
{
  (void)argv;
#ifndef Q_WS_WIN
  return ((int*)(&Q_WS_WIN))[argc];
#else
  (void)argc;
  return 0;
#endif
}

Determining if the Q_WS_QWS exist failed with the following output:
Change Dir: /home/schleppy/project_files/Schlepbot-E90/catkin_ws_new/build/CMakeFiles/CMakeTmp

Run Build Command:"/usr/bin/make" "cmTC_ea15b/fast"
/usr/bin/make -f CMakeFiles/cmTC_ea15b.dir/build.make CMakeFiles/cmTC_ea15b.dir/build
make[1]: Entering directory '/home/schleppy/project_files/Schlepbot-E90/catkin_ws_new/build/CMakeFiles/CMakeTmp'
Building CXX object CMakeFiles/cmTC_ea15b.dir/CheckSymbolExists.cxx.o
/usr/bin/c++    -I/usr/include/qt4   -o CMakeFiles/cmTC_ea15b.dir/CheckSymbolExists.cxx.o -c /home/schleppy/project_files/Schlepbot-E90/catkin_ws_new/build/CMakeFiles/CMakeTmp/CheckSymbolExists.cxx
/home/schleppy/project_files/Schlepbot-E90/catkin_ws_new/build/CMakeFiles/CMakeTmp/CheckSymbolExists.cxx: In function ‘int main(int, char**)’:
/home/schleppy/project_files/Schlepbot-E90/catkin_ws_new/build/CMakeFiles/CMakeTmp/CheckSymbolExists.cxx:8:19: error: ‘Q_WS_QWS’ was not declared in this scope
   return ((int*)(&Q_WS_QWS))[argc];
                   ^
CMakeFiles/cmTC_ea15b.dir/build.make:65: recipe for target 'CMakeFiles/cmTC_ea15b.dir/CheckSymbolExists.cxx.o' failed
make[1]: *** [CMakeFiles/cmTC_ea15b.dir/CheckSymbolExists.cxx.o] Error 1
make[1]: Leaving directory '/home/schleppy/project_files/Schlepbot-E90/catkin_ws_new/build/CMakeFiles/CMakeTmp'
Makefile:126: recipe for target 'cmTC_ea15b/fast' failed
make: *** [cmTC_ea15b/fast] Error 2

File /home/schleppy/project_files/Schlepbot-E90/catkin_ws_new/build/CMakeFiles/CMakeTmp/CheckSymbolExists.cxx:
/* */
#include <QtCore/qglobal.h>

int main(int argc, char** argv)
{
  (void)argv;
#ifndef Q_WS_QWS
  return ((int*)(&Q_WS_QWS))[argc];
#else
  (void)argc;
  return 0;
#endif
}

Determining if the Q_WS_MAC exist failed with the following output:
Change Dir: /home/schleppy/project_files/Schlepbot-E90/catkin_ws_new/build/CMakeFiles/CMakeTmp

Run Build Command:"/usr/bin/make" "cmTC_e52ea/fast"
/usr/bin/make -f CMakeFiles/cmTC_e52ea.dir/build.make CMakeFiles/cmTC_e52ea.dir/build
make[1]: Entering directory '/home/schleppy/project_files/Schlepbot-E90/catkin_ws_new/build/CMakeFiles/CMakeTmp'
Building CXX object CMakeFiles/cmTC_e52ea.dir/CheckSymbolExists.cxx.o
/usr/bin/c++    -I/usr/include/qt4   -o CMakeFiles/cmTC_e52ea.dir/CheckSymbolExists.cxx.o -c /home/schleppy/project_files/Schlepbot-E90/catkin_ws_new/build/CMakeFiles/CMakeTmp/CheckSymbolExists.cxx
/home/schleppy/project_files/Schlepbot-E90/catkin_ws_new/build/CMakeFiles/CMakeTmp/CheckSymbolExists.cxx: In function ‘int main(int, char**)’:
/home/schleppy/project_files/Schlepbot-E90/catkin_ws_new/build/CMakeFiles/CMakeTmp/CheckSymbolExists.cxx:8:19: error: ‘Q_WS_MAC’ was not declared in this scope
   return ((int*)(&Q_WS_MAC))[argc];
                   ^
CMakeFiles/cmTC_e52ea.dir/build.make:65: recipe for target 'CMakeFiles/cmTC_e52ea.dir/CheckSymbolExists.cxx.o' failed
make[1]: *** [CMakeFiles/cmTC_e52ea.dir/CheckSymbolExists.cxx.o] Error 1
make[1]: Leaving directory '/home/schleppy/project_files/Schlepbot-E90/catkin_ws_new/build/CMakeFiles/CMakeTmp'
Makefile:126: recipe for target 'cmTC_e52ea/fast' failed
make: *** [cmTC_e52ea/fast] Error 2

File /home/schleppy/project_files/Schlepbot-E90/catkin_ws_new/build/CMakeFiles/CMakeTmp/CheckSymbolExists.cxx:
/* */
#include <QtCore/qglobal.h>

int main(int argc, char** argv)
{
  (void)argv;
#ifndef Q_WS_MAC
  return ((int*)(&Q_WS_MAC))[argc];
#else
  (void)argc;
  return 0;
#endif
}

